Ultralytics 8.3.170 🚀 Python-3.11.3 torch-2.7.1+cu126 CUDA:0 (Tesla V100-SXM2-32GB, 32494MiB)
[34m[1mengine/trainer: [0magnostic_nms=False, amp=True, augment=False, auto_augment=randaugment, batch=16, bgr=0.0, box=7.5, cache=False, cfg=None, classes=None, close_mosaic=10, cls=0.5, conf=None, copy_paste=0.0, copy_paste_mode=flip, cos_lr=False, cutmix=0.0, data=./dataset/data.yaml, degrees=0.0, deterministic=True, device=0, dfl=1.5, dnn=False, dropout=0.0, dynamic=False, embed=None, epochs=100, erasing=0.4, exist_ok=False, fliplr=0.5, flipud=0.0, format=torchscript, fraction=1.0, freeze=None, half=False, hsv_h=0.015, hsv_s=0.7, hsv_v=0.4, imgsz=640, int8=False, iou=0.7, keras=False, kobj=1.0, line_width=None, lr0=0.01, lrf=0.01, mask_ratio=4, max_det=300, mixup=0.0, mode=train, model=yolov8n.pt, momentum=0.937, mosaic=1.0, multi_scale=False, name=yolov8n-custom, nbs=64, nms=False, opset=None, optimize=False, optimizer=auto, overlap_mask=True, patience=10, perspective=0.0, plots=True, pose=12.0, pretrained=True, profile=False, project=None, rect=False, resume=False, retina_masks=False, save=True, save_conf=False, save_crop=False, save_dir=runs/detect/yolov8n-custom, save_frames=False, save_json=False, save_period=-1, save_txt=False, scale=0.5, seed=0, shear=0.0, show=False, show_boxes=True, show_conf=True, show_labels=True, simplify=True, single_cls=False, source=None, split=val, stream_buffer=False, task=detect, time=None, tracker=botsort.yaml, translate=0.1, val=True, verbose=True, vid_stride=1, visualize=False, warmup_bias_lr=0.1, warmup_epochs=3.0, warmup_momentum=0.8, weight_decay=0.0005, workers=8, workspace=None
Overriding model.yaml nc=80 with nc=1

                   from  n    params  module                                       arguments                     
  0                  -1  1       464  ultralytics.nn.modules.conv.Conv             [3, 16, 3, 2]                 
  1                  -1  1      4672  ultralytics.nn.modules.conv.Conv             [16, 32, 3, 2]                
  2                  -1  1      7360  ultralytics.nn.modules.block.C2f             [32, 32, 1, True]             
  3                  -1  1     18560  ultralytics.nn.modules.conv.Conv             [32, 64, 3, 2]                
  4                  -1  2     49664  ultralytics.nn.modules.block.C2f             [64, 64, 2, True]             
  5                  -1  1     73984  ultralytics.nn.modules.conv.Conv             [64, 128, 3, 2]               
  6                  -1  2    197632  ultralytics.nn.modules.block.C2f             [128, 128, 2, True]           
  7                  -1  1    295424  ultralytics.nn.modules.conv.Conv             [128, 256, 3, 2]              
  8                  -1  1    460288  ultralytics.nn.modules.block.C2f             [256, 256, 1, True]           
  9                  -1  1    164608  ultralytics.nn.modules.block.SPPF            [256, 256, 5]                 
 10                  -1  1         0  torch.nn.modules.upsampling.Upsample         [None, 2, 'nearest']          
 11             [-1, 6]  1         0  ultralytics.nn.modules.conv.Concat           [1]                           
 12                  -1  1    148224  ultralytics.nn.modules.block.C2f             [384, 128, 1]                 
 13                  -1  1         0  torch.nn.modules.upsampling.Upsample         [None, 2, 'nearest']          
 14             [-1, 4]  1         0  ultralytics.nn.modules.conv.Concat           [1]                           
 15                  -1  1     37248  ultralytics.nn.modules.block.C2f             [192, 64, 1]                  
 16                  -1  1     36992  ultralytics.nn.modules.conv.Conv             [64, 64, 3, 2]                
 17            [-1, 12]  1         0  ultralytics.nn.modules.conv.Concat           [1]                           
 18                  -1  1    123648  ultralytics.nn.modules.block.C2f             [192, 128, 1]                 
 19                  -1  1    147712  ultralytics.nn.modules.conv.Conv             [128, 128, 3, 2]              
 20             [-1, 9]  1         0  ultralytics.nn.modules.conv.Concat           [1]                           
 21                  -1  1    493056  ultralytics.nn.modules.block.C2f             [384, 256, 1]                 
 22        [15, 18, 21]  1    751507  ultralytics.nn.modules.head.Detect           [1, [64, 128, 256]]           
Model summary: 129 layers, 3,011,043 parameters, 3,011,027 gradients, 8.2 GFLOPs

Transferred 319/355 items from pretrained weights
Freezing layer 'model.22.dfl.conv.weight'
[34m[1mAMP: [0mrunning Automatic Mixed Precision (AMP) checks...
[34m[1mAMP: [0mchecks passed ✅
[34m[1mtrain: [0mFast image access ✅ (ping: 0.4±0.1 ms, read: 2306.8±942.1 MB/s, size: 2341.2 KB)
[34m[1mval: [0mFast image access ✅ (ping: 1.0±1.5 ms, read: 2133.0±1648.1 MB/s, size: 2165.0 KB)
Plotting labels to runs/detect/yolov8n-custom/labels.jpg... 
[34m[1moptimizer:[0m 'optimizer=auto' found, ignoring 'lr0=0.01' and 'momentum=0.937' and determining best 'optimizer', 'lr0' and 'momentum' automatically... 
[34m[1moptimizer:[0m AdamW(lr=0.002, momentum=0.9) with parameter groups 57 weight(decay=0.0), 64 weight(decay=0.0005), 63 bias(decay=0.0)
Image sizes 640 train, 640 val
Using 8 dataloader workers
Logging results to [1mruns/detect/yolov8n-custom[0m
Starting training for 100 epochs...

      Epoch    GPU_mem   box_loss   cls_loss   dfl_loss  Instances       Size
                   all        299        299          1          1      0.995      0.959

      Epoch    GPU_mem   box_loss   cls_loss   dfl_loss  Instances       Size
                   all        299        299      0.982      0.993      0.995      0.915

      Epoch    GPU_mem   box_loss   cls_loss   dfl_loss  Instances       Size
                   all        299        299          1          1      0.995      0.968

      Epoch    GPU_mem   box_loss   cls_loss   dfl_loss  Instances       Size
                   all        299        299      0.999          1      0.995      0.945

      Epoch    GPU_mem   box_loss   cls_loss   dfl_loss  Instances       Size
                   all        299        299      0.999          1      0.995      0.945

      Epoch    GPU_mem   box_loss   cls_loss   dfl_loss  Instances       Size
                   all        299        299      0.997          1      0.995      0.968

      Epoch    GPU_mem   box_loss   cls_loss   dfl_loss  Instances       Size
                   all        299        299      0.999          1      0.995      0.976

      Epoch    GPU_mem   box_loss   cls_loss   dfl_loss  Instances       Size
                   all        299        299          1          1      0.995      0.981

      Epoch    GPU_mem   box_loss   cls_loss   dfl_loss  Instances       Size
                   all        299        299          1          1      0.995      0.972

      Epoch    GPU_mem   box_loss   cls_loss   dfl_loss  Instances       Size
                   all        299        299          1          1      0.995      0.972

      Epoch    GPU_mem   box_loss   cls_loss   dfl_loss  Instances       Size
                   all        299        299      0.999          1      0.995      0.983

      Epoch    GPU_mem   box_loss   cls_loss   dfl_loss  Instances       Size
                   all        299        299          1          1      0.995      0.985

      Epoch    GPU_mem   box_loss   cls_loss   dfl_loss  Instances       Size
                   all        299        299          1          1      0.995       0.98

      Epoch    GPU_mem   box_loss   cls_loss   dfl_loss  Instances       Size
                   all        299        299          1          1      0.995      0.985

      Epoch    GPU_mem   box_loss   cls_loss   dfl_loss  Instances       Size
                   all        299        299          1          1      0.995      0.989

      Epoch    GPU_mem   box_loss   cls_loss   dfl_loss  Instances       Size
                   all        299        299          1          1      0.995      0.993

      Epoch    GPU_mem   box_loss   cls_loss   dfl_loss  Instances       Size
                   all        299        299          1          1      0.995      0.992

      Epoch    GPU_mem   box_loss   cls_loss   dfl_loss  Instances       Size
                   all        299        299          1          1      0.995       0.99

      Epoch    GPU_mem   box_loss   cls_loss   dfl_loss  Instances       Size
                   all        299        299          1          1      0.995      0.992

      Epoch    GPU_mem   box_loss   cls_loss   dfl_loss  Instances       Size
                   all        299        299          1          1      0.995      0.992

      Epoch    GPU_mem   box_loss   cls_loss   dfl_loss  Instances       Size
                   all        299        299          1          1      0.995      0.994

      Epoch    GPU_mem   box_loss   cls_loss   dfl_loss  Instances       Size
                   all        299        299          1          1      0.995      0.991

      Epoch    GPU_mem   box_loss   cls_loss   dfl_loss  Instances       Size
                   all        299        299          1          1      0.995      0.992

      Epoch    GPU_mem   box_loss   cls_loss   dfl_loss  Instances       Size
                   all        299        299      0.998          1      0.995      0.988

      Epoch    GPU_mem   box_loss   cls_loss   dfl_loss  Instances       Size
                   all        299        299          1          1      0.995      0.991

      Epoch    GPU_mem   box_loss   cls_loss   dfl_loss  Instances       Size
                   all        299        299          1          1      0.995       0.99

      Epoch    GPU_mem   box_loss   cls_loss   dfl_loss  Instances       Size
                   all        299        299          1          1      0.995      0.993

      Epoch    GPU_mem   box_loss   cls_loss   dfl_loss  Instances       Size
                   all        299        299          1          1      0.995      0.992

      Epoch    GPU_mem   box_loss   cls_loss   dfl_loss  Instances       Size
                   all        299        299          1          1      0.995      0.994

      Epoch    GPU_mem   box_loss   cls_loss   dfl_loss  Instances       Size
                   all        299        299          1          1      0.995      0.995

      Epoch    GPU_mem   box_loss   cls_loss   dfl_loss  Instances       Size
                   all        299        299          1          1      0.995      0.993

      Epoch    GPU_mem   box_loss   cls_loss   dfl_loss  Instances       Size
                   all        299        299          1          1      0.995      0.993

      Epoch    GPU_mem   box_loss   cls_loss   dfl_loss  Instances       Size
                   all        299        299          1          1      0.995      0.992

      Epoch    GPU_mem   box_loss   cls_loss   dfl_loss  Instances       Size
                   all        299        299          1          1      0.995      0.995

      Epoch    GPU_mem   box_loss   cls_loss   dfl_loss  Instances       Size
                   all        299        299          1          1      0.995      0.995

      Epoch    GPU_mem   box_loss   cls_loss   dfl_loss  Instances       Size
                   all        299        299          1          1      0.995      0.993

      Epoch    GPU_mem   box_loss   cls_loss   dfl_loss  Instances       Size
                   all        299        299          1          1      0.995      0.989

      Epoch    GPU_mem   box_loss   cls_loss   dfl_loss  Instances       Size
                   all        299        299          1          1      0.995      0.994

      Epoch    GPU_mem   box_loss   cls_loss   dfl_loss  Instances       Size
                   all        299        299          1          1      0.995      0.992

      Epoch    GPU_mem   box_loss   cls_loss   dfl_loss  Instances       Size
                   all        299        299          1          1      0.995      0.994

      Epoch    GPU_mem   box_loss   cls_loss   dfl_loss  Instances       Size
                   all        299        299          1          1      0.995      0.994

      Epoch    GPU_mem   box_loss   cls_loss   dfl_loss  Instances       Size
                   all        299        299          1          1      0.995      0.995

      Epoch    GPU_mem   box_loss   cls_loss   dfl_loss  Instances       Size
                   all        299        299          1          1      0.995      0.993

      Epoch    GPU_mem   box_loss   cls_loss   dfl_loss  Instances       Size
                   all        299        299          1          1      0.995      0.994
[34m[1mEarlyStopping: [0mTraining stopped early as no improvement observed in last 10 epochs. Best results observed at epoch 34, best model saved as best.pt.
To update EarlyStopping(patience=10) pass a new patience value, i.e. `patience=300` or use `patience=0` to disable EarlyStopping.

44 epochs completed in 1.083 hours.
Optimizer stripped from runs/detect/yolov8n-custom/weights/last.pt, 6.2MB
Optimizer stripped from runs/detect/yolov8n-custom/weights/best.pt, 6.2MB

Validating runs/detect/yolov8n-custom/weights/best.pt...
Ultralytics 8.3.170 🚀 Python-3.11.3 torch-2.7.1+cu126 CUDA:0 (Tesla V100-SXM2-32GB, 32494MiB)
Model summary (fused): 72 layers, 3,005,843 parameters, 0 gradients, 8.1 GFLOPs
                   all        299        299          1          1      0.995      0.995
Speed: 0.8ms preprocess, 2.9ms inference, 0.0ms loss, 11.7ms postprocess per image
Results saved to [1mruns/detect/yolov8n-custom[0m
